Traceback (most recent call last):
  File "/Users/kimnielsen/opt/anaconda3/lib/python3.9/site-packages/jupyter_cache/executors/utils.py", line 58, in single_nb_execution
    executenb(
  File "/Users/kimnielsen/opt/anaconda3/lib/python3.9/site-packages/nbclient/client.py", line 1204, in execute
    return NotebookClient(nb=nb, resources=resources, km=km, **kwargs).execute()
  File "/Users/kimnielsen/opt/anaconda3/lib/python3.9/site-packages/nbclient/util.py", line 84, in wrapped
    return just_run(coro(*args, **kwargs))
  File "/Users/kimnielsen/opt/anaconda3/lib/python3.9/site-packages/nbclient/util.py", line 62, in just_run
    return loop.run_until_complete(coro)
  File "/Users/kimnielsen/opt/anaconda3/lib/python3.9/asyncio/base_events.py", line 647, in run_until_complete
    return future.result()
  File "/Users/kimnielsen/opt/anaconda3/lib/python3.9/site-packages/nbclient/client.py", line 663, in async_execute
    await self.async_execute_cell(
  File "/Users/kimnielsen/opt/anaconda3/lib/python3.9/site-packages/nbclient/client.py", line 965, in async_execute_cell
    await self._check_raise_for_error(cell, cell_index, exec_reply)
  File "/Users/kimnielsen/opt/anaconda3/lib/python3.9/site-packages/nbclient/client.py", line 862, in _check_raise_for_error
    raise CellExecutionError.from_cell_and_msg(cell, exec_reply_content)
nbclient.exceptions.CellExecutionError: An error occurred while executing the following cell:
------------------
%reset -f 
import sympy as sym
import numpy as np

q1 = -2.0E-6
q2 = 4.0E-6

k = 8.99E9

x = 0.0

x1 = sym.Symbol('x1')
x2 = sym.Symbol('x2')

d1 = sym.sqrt((x - x1)**2)
d2 = sym.sqrt((x - x2)**2)

E1 = k*q1*(x - x1)/d1**3
E2 = k*q2*(x - x2)/d2**3

eq = E1 + E2

sol = sym.solve(eq,x1,x2)
print('The E-field will be zero if the (x1, x2) = '+str(sol[1])+ ' m')

val = input('Do you want to test it? [Y/N]')
if val == 'Y' or val == 'y':
    xb = input("Enter a x2 position (in m): ") 
    xb = float(xb)
    xa = 0.707106781186548*xb
    da = sym.sqrt((x - xa)**2)
    db = sym.sqrt((x - xb)**2)
    Ea = k*q1*(x - xa)/da**3
    Eb = k*q2*(x - xb)/db**3

    E = Ea + Eb
    print('The electric field at x = 0 is: '+str(E)+' N/m')
------------------

[0;31m---------------------------------------------------------------------------[0m
[0;31mStdinNotImplementedError[0m                  Traceback (most recent call last)
Input [0;32mIn [9][0m, in [0;36m<cell line: 26>[0;34m()[0m
[1;32m     23[0m sol [38;5;241m=[39m sym[38;5;241m.[39msolve(eq,x1,x2)
[1;32m     24[0m [38;5;28mprint[39m([38;5;124m'[39m[38;5;124mThe E-field will be zero if the (x1, x2) = [39m[38;5;124m'[39m[38;5;241m+[39m[38;5;28mstr[39m(sol[[38;5;241m1[39m])[38;5;241m+[39m [38;5;124m'[39m[38;5;124m m[39m[38;5;124m'[39m)
[0;32m---> 26[0m val [38;5;241m=[39m [38;5;28;43minput[39;49m[43m([49m[38;5;124;43m'[39;49m[38;5;124;43mDo you want to test it? [Y/N][39;49m[38;5;124;43m'[39;49m[43m)[49m
[1;32m     27[0m [38;5;28;01mif[39;00m val [38;5;241m==[39m [38;5;124m'[39m[38;5;124mY[39m[38;5;124m'[39m [38;5;129;01mor[39;00m val [38;5;241m==[39m [38;5;124m'[39m[38;5;124my[39m[38;5;124m'[39m:
[1;32m     28[0m     xb [38;5;241m=[39m [38;5;28minput[39m([38;5;124m"[39m[38;5;124mEnter a x2 position (in m): [39m[38;5;124m"[39m) 

File [0;32m~/opt/anaconda3/lib/python3.9/site-packages/ipykernel/kernelbase.py:1072[0m, in [0;36mKernel.raw_input[0;34m(self, prompt)[0m
[1;32m   1065[0m [38;5;124;03m"""Forward raw_input to frontends[39;00m
[1;32m   1066[0m 
[1;32m   1067[0m [38;5;124;03mRaises[39;00m
[1;32m   1068[0m [38;5;124;03m------[39;00m
[1;32m   1069[0m [38;5;124;03mStdinNotImplementedError if active frontend doesn't support stdin.[39;00m
[1;32m   1070[0m [38;5;124;03m"""[39;00m
[1;32m   1071[0m [38;5;28;01mif[39;00m [38;5;129;01mnot[39;00m [38;5;28mself[39m[38;5;241m.[39m_allow_stdin:
[0;32m-> 1072[0m     [38;5;28;01mraise[39;00m StdinNotImplementedError(
[1;32m   1073[0m         [38;5;124m"[39m[38;5;124mraw_input was called, but this frontend does not support input requests.[39m[38;5;124m"[39m
[1;32m   1074[0m     )
[1;32m   1075[0m [38;5;28;01mreturn[39;00m [38;5;28mself[39m[38;5;241m.[39m_input_request(
[1;32m   1076[0m     [38;5;28mstr[39m(prompt),
[1;32m   1077[0m     [38;5;28mself[39m[38;5;241m.[39m_parent_ident[[38;5;124m"[39m[38;5;124mshell[39m[38;5;124m"[39m],
[1;32m   1078[0m     [38;5;28mself[39m[38;5;241m.[39mget_parent([38;5;124m"[39m[38;5;124mshell[39m[38;5;124m"[39m),
[1;32m   1079[0m     password[38;5;241m=[39m[38;5;28;01mFalse[39;00m,
[1;32m   1080[0m )

[0;31mStdinNotImplementedError[0m: raw_input was called, but this frontend does not support input requests.
StdinNotImplementedError: raw_input was called, but this frontend does not support input requests.

